<?xml version="1.0" encoding="UTF-8"?>
<!-- Generated by org.testng.reporters.JUnitXMLReporter -->
<testsuite hostname="Shlomi-Desktop" ignored="7" name="Business at the area" tests="13" failures="1" timestamp="2020-02-23T13:16:09 IST" time="18.333" errors="0">
  <testcase name="upFooterOpenWebSite" time="3.263" classname="tests.MainRunner"/>
  <testcase name="testBusinssTabIsDefaultSelected" time="0.055" classname="tests.MainRunner"/>
  <testcase name="testBusinssTabIcon" time="0.036" classname="tests.MainRunner"/>
  <testcase name="testBusinssTabTextColor" time="0.045" classname="tests.MainRunner"/>
  <testcase name="testBusinssTabColorWhenUnselected" time="0.092" classname="tests.MainRunner"/>
  <testcase name="testMapsHeaderTextTopRight" time="0.041" classname="tests.MainRunner"/>
  <testcase name="countCardsAtMapPage" time="0.078" classname="tests.MainRunner"/>
  <testcase name="testThatCardsHaveNumbers" time="0.211" classname="tests.MainRunner"/>
  <testcase name="testColorOfTicketNumber" time="0.017" classname="tests.MainRunner"/>
  <testcase name="testColorOfNumberAtTicketThatNotTheSameAsBackground" time="0.015" classname="tests.MainRunner"/>
  <testcase name="testClickOnNumberLeadToBusinessPage" time="2.931" classname="tests.MainRunner">
    <failure type="org.openqa.selenium.NoSuchElementException" message="no such element: Unable to locate element: {&amp;quot;method&amp;quot;:&amp;quot;css selector&amp;quot;,&amp;quot;selector&amp;quot;:&amp;quot;.title-row&amp;quot;}
  (Session info: chrome=80.0.3987.116)
For documentation on this error, please visit: https://www.seleniumhq.org/exceptions/no_such_element.html
Build info: version: &amp;apos;3.141.59&amp;apos;, revision: &amp;apos;e82be7d358&amp;apos;, time: &amp;apos;2018-11-14T08:17:03&amp;apos;
System info: host: &amp;apos;SHLOMI-DESKTOP&amp;apos;, ip: &amp;apos;192.168.243.1&amp;apos;, os.name: &amp;apos;Windows 10&amp;apos;, os.arch: &amp;apos;amd64&amp;apos;, os.version: &amp;apos;10.0&amp;apos;, java.version: &amp;apos;1.8.0_221&amp;apos;
Driver info: org.openqa.selenium.chrome.ChromeDriver
Capabilities {acceptInsecureCerts: false, browserName: chrome, browserVersion: 80.0.3987.116, chrome: {chromedriverVersion: 79.0.3945.36 (3582db32b3389..., userDataDir: C:\Users\Shlomi\AppData\Loc...}, goog:chromeOptions: {debuggerAddress: localhost:59664}, javascriptEnabled: true, networkConnectionEnabled: false, pageLoadStrategy: normal, platform: WINDOWS, platformName: WINDOWS, proxy: Proxy(), setWindowRect: true, strictFileInteractability: false, timeouts: {implicit: 0, pageLoad: 300000, script: 30000}, unhandledPromptBehavior: dismiss and notify}
Session ID: d97ab7929d8101555e6f287943ecb431
*** Element info: {Using=css selector, value=.title-row}">
      <![CDATA[org.openqa.selenium.NoSuchElementException: no such element: Unable to locate element: {"method":"css selector","selector":".title-row"}
  (Session info: chrome=80.0.3987.116)
For documentation on this error, please visit: https://www.seleniumhq.org/exceptions/no_such_element.html
Build info: version: '3.141.59', revision: 'e82be7d358', time: '2018-11-14T08:17:03'
System info: host: 'SHLOMI-DESKTOP', ip: '192.168.243.1', os.name: 'Windows 10', os.arch: 'amd64', os.version: '10.0', java.version: '1.8.0_221'
Driver info: org.openqa.selenium.chrome.ChromeDriver
Capabilities {acceptInsecureCerts: false, browserName: chrome, browserVersion: 80.0.3987.116, chrome: {chromedriverVersion: 79.0.3945.36 (3582db32b3389..., userDataDir: C:\Users\Shlomi\AppData\Loc...}, goog:chromeOptions: {debuggerAddress: localhost:59664}, javascriptEnabled: true, networkConnectionEnabled: false, pageLoadStrategy: normal, platform: WINDOWS, platformName: WINDOWS, proxy: Proxy(), setWindowRect: true, strictFileInteractability: false, timeouts: {implicit: 0, pageLoad: 300000, script: 30000}, unhandledPromptBehavior: dismiss and notify}
Session ID: d97ab7929d8101555e6f287943ecb431
*** Element info: {Using=css selector, value=.title-row}
at org.openqa.selenium.remote.http.W3CHttpResponseCodec.createException(W3CHttpResponseCodec.java:187)
at org.openqa.selenium.remote.http.W3CHttpResponseCodec.decode(W3CHttpResponseCodec.java:122)
at org.openqa.selenium.remote.http.W3CHttpResponseCodec.decode(W3CHttpResponseCodec.java:49)
at org.openqa.selenium.remote.HttpCommandExecutor.execute(HttpCommandExecutor.java:158)
at org.openqa.selenium.remote.service.DriverCommandExecutor.execute(DriverCommandExecutor.java:83)
at org.openqa.selenium.remote.RemoteWebDriver.execute(RemoteWebDriver.java:552)
at org.openqa.selenium.remote.RemoteWebDriver.findElement(RemoteWebDriver.java:323)
at org.openqa.selenium.remote.RemoteWebDriver.findElementByCssSelector(RemoteWebDriver.java:420)
at org.openqa.selenium.By$ByCssSelector.findElement(By.java:431)
at org.openqa.selenium.remote.RemoteWebDriver.findElement(RemoteWebDriver.java:315)
at pages.BasePage.getTextFromElement(BasePage.java:39)
at pages.MainMapsPage.testClickOnNumberLeadToBusinessPage(MainMapsPage.java:165)
at tests.MainRunner.testClickOnNumberLeadToBusinessPage(MainRunner.java:113)
at java.util.ArrayList.forEach(ArrayList.java:1257)
... Removed 31 stack frames]]>
    </failure>
  </testcase> <!-- testClickOnNumberLeadToBusinessPage -->
  <testcase name="testThatEachCardHasTitle" time="1.471" classname="tests.MainRunner"/>
  <testcase name="testThatEachCardTitleIsWhite" time="0.097" classname="tests.MainRunner"/>
  <testcase name="upFooterClickOnB144Link" time="0.0" classname="tests.MainRunner">
    <ignored/>
  </testcase> <!-- upFooterClickOnB144Link -->
  <testcase name="upFooterXButton" time="0.0" classname="tests.MainRunner">
    <ignored/>
  </testcase> <!-- upFooterXButton -->
  <testcase name="testLoginPagesforPrivateAndBusiness" time="0.0" classname="tests.MainRunner">
    <ignored/>
  </testcase> <!-- testLoginPagesforPrivateAndBusiness -->
  <testcase name="compareTextColorAtDropDownMenu" time="0.0" classname="tests.MainRunner">
    <ignored/>
  </testcase> <!-- compareTextColorAtDropDownMenu -->
  <testcase name="compareTextAtDropDownMenu" time="0.0" classname="tests.MainRunner">
    <ignored/>
  </testcase> <!-- compareTextAtDropDownMenu -->
  <testcase name="testAccessabilityMenu" time="0.0" classname="tests.MainRunner">
    <ignored/>
  </testcase> <!-- testAccessabilityMenu -->
  <testcase name="upFooterHamburgerButton" time="0.0" classname="tests.MainRunner">
    <ignored/>
  </testcase> <!-- upFooterHamburgerButton -->
</testsuite> <!-- Business at the area -->
