<?xml version="1.0" encoding="UTF-8"?>
<!-- Generated by org.testng.reporters.JUnitXMLReporter -->
<testsuite hostname="Shlomi-Desktop" ignored="12" name="Up Footer" tests="8" failures="1" timestamp="2020-02-23T13:15:50 IST" time="23.356" errors="0">
  <testcase name="upFooterOpenWebSite" time="2.809" classname="tests.MainRunner"/>
  <testcase name="upFooterXButton" time="0.121" classname="tests.MainRunner"/>
  <testcase name="upFooterHamburgerButton" time="0.102" classname="tests.MainRunner"/>
  <testcase name="upFooterClickOnB144Link" time="0.694" classname="tests.MainRunner"/>
  <testcase name="compareTextAtDropDownMenu" time="3.903" classname="tests.MainRunner"/>
  <testcase name="compareTextColorAtDropDownMenu" time="0.28" classname="tests.MainRunner"/>
  <testcase name="testLoginPagesforPrivateAndBusiness" time="1.513" classname="tests.MainRunner">
    <failure type="org.openqa.selenium.NoSuchElementException" message="no such element: Unable to locate element: {&amp;quot;method&amp;quot;:&amp;quot;xpath&amp;quot;,&amp;quot;selector&amp;quot;:&amp;quot;//div[@class=&amp;apos;dv-connect-header&amp;apos;]&amp;quot;}
  (Session info: chrome=80.0.3987.116)
For documentation on this error, please visit: https://www.seleniumhq.org/exceptions/no_such_element.html
Build info: version: &amp;apos;3.141.59&amp;apos;, revision: &amp;apos;e82be7d358&amp;apos;, time: &amp;apos;2018-11-14T08:17:03&amp;apos;
System info: host: &amp;apos;SHLOMI-DESKTOP&amp;apos;, ip: &amp;apos;192.168.243.1&amp;apos;, os.name: &amp;apos;Windows 10&amp;apos;, os.arch: &amp;apos;amd64&amp;apos;, os.version: &amp;apos;10.0&amp;apos;, java.version: &amp;apos;1.8.0_221&amp;apos;
Driver info: org.openqa.selenium.chrome.ChromeDriver
Capabilities {acceptInsecureCerts: false, browserName: chrome, browserVersion: 80.0.3987.116, chrome: {chromedriverVersion: 79.0.3945.36 (3582db32b3389..., userDataDir: C:\Users\Shlomi\AppData\Loc...}, goog:chromeOptions: {debuggerAddress: localhost:59539}, javascriptEnabled: true, networkConnectionEnabled: false, pageLoadStrategy: normal, platform: WINDOWS, platformName: WINDOWS, proxy: Proxy(), setWindowRect: true, strictFileInteractability: false, timeouts: {implicit: 0, pageLoad: 300000, script: 30000}, unhandledPromptBehavior: dismiss and notify}
Session ID: a8cefcf4f12c8ab5bfdcf6dadf32bbec
*** Element info: {Using=xpath, value=//div[@class=&amp;apos;dv-connect-header&amp;apos;]}">
      <![CDATA[org.openqa.selenium.NoSuchElementException: no such element: Unable to locate element: {"method":"xpath","selector":"//div[@class='dv-connect-header']"}
  (Session info: chrome=80.0.3987.116)
For documentation on this error, please visit: https://www.seleniumhq.org/exceptions/no_such_element.html
Build info: version: '3.141.59', revision: 'e82be7d358', time: '2018-11-14T08:17:03'
System info: host: 'SHLOMI-DESKTOP', ip: '192.168.243.1', os.name: 'Windows 10', os.arch: 'amd64', os.version: '10.0', java.version: '1.8.0_221'
Driver info: org.openqa.selenium.chrome.ChromeDriver
Capabilities {acceptInsecureCerts: false, browserName: chrome, browserVersion: 80.0.3987.116, chrome: {chromedriverVersion: 79.0.3945.36 (3582db32b3389..., userDataDir: C:\Users\Shlomi\AppData\Loc...}, goog:chromeOptions: {debuggerAddress: localhost:59539}, javascriptEnabled: true, networkConnectionEnabled: false, pageLoadStrategy: normal, platform: WINDOWS, platformName: WINDOWS, proxy: Proxy(), setWindowRect: true, strictFileInteractability: false, timeouts: {implicit: 0, pageLoad: 300000, script: 30000}, unhandledPromptBehavior: dismiss and notify}
Session ID: a8cefcf4f12c8ab5bfdcf6dadf32bbec
*** Element info: {Using=xpath, value=//div[@class='dv-connect-header']}
at org.openqa.selenium.remote.http.W3CHttpResponseCodec.createException(W3CHttpResponseCodec.java:187)
at org.openqa.selenium.remote.http.W3CHttpResponseCodec.decode(W3CHttpResponseCodec.java:122)
at org.openqa.selenium.remote.http.W3CHttpResponseCodec.decode(W3CHttpResponseCodec.java:49)
at org.openqa.selenium.remote.HttpCommandExecutor.execute(HttpCommandExecutor.java:158)
at org.openqa.selenium.remote.service.DriverCommandExecutor.execute(DriverCommandExecutor.java:83)
at org.openqa.selenium.remote.RemoteWebDriver.execute(RemoteWebDriver.java:552)
at org.openqa.selenium.remote.RemoteWebDriver.findElement(RemoteWebDriver.java:323)
at org.openqa.selenium.remote.RemoteWebDriver.findElementByXPath(RemoteWebDriver.java:428)
at org.openqa.selenium.By$ByXPath.findElement(By.java:353)
at org.openqa.selenium.remote.RemoteWebDriver.findElement(RemoteWebDriver.java:315)
at pages.BasePage.getTextFromElement(BasePage.java:39)
at pages.B144MainPage.testLoginPages(B144MainPage.java:86)
at tests.MainRunner.testLoginPagesforPrivateAndBusiness(MainRunner.java:48)
at java.util.ArrayList.forEach(ArrayList.java:1257)
... Removed 31 stack frames]]>
    </failure>
  </testcase> <!-- testLoginPagesforPrivateAndBusiness -->
  <testcase name="testAccessabilityMenu" time="3.126" classname="tests.MainRunner"/>
  <testcase name="testThatEachCardHasTitle" time="0.0" classname="tests.MainRunner">
    <ignored/>
  </testcase> <!-- testThatEachCardHasTitle -->
  <testcase name="testColorOfNumberAtTicketThatNotTheSameAsBackground" time="0.0" classname="tests.MainRunner">
    <ignored/>
  </testcase> <!-- testColorOfNumberAtTicketThatNotTheSameAsBackground -->
  <testcase name="countCardsAtMapPage" time="0.0" classname="tests.MainRunner">
    <ignored/>
  </testcase> <!-- countCardsAtMapPage -->
  <testcase name="testClickOnNumberLeadToBusinessPage" time="0.0" classname="tests.MainRunner">
    <ignored/>
  </testcase> <!-- testClickOnNumberLeadToBusinessPage -->
  <testcase name="testColorOfTicketNumber" time="0.0" classname="tests.MainRunner">
    <ignored/>
  </testcase> <!-- testColorOfTicketNumber -->
  <testcase name="testBusinssTabIcon" time="0.0" classname="tests.MainRunner">
    <ignored/>
  </testcase> <!-- testBusinssTabIcon -->
  <testcase name="testBusinssTabTextColor" time="0.0" classname="tests.MainRunner">
    <ignored/>
  </testcase> <!-- testBusinssTabTextColor -->
  <testcase name="testMapsHeaderTextTopRight" time="0.0" classname="tests.MainRunner">
    <ignored/>
  </testcase> <!-- testMapsHeaderTextTopRight -->
  <testcase name="testThatCardsHaveNumbers" time="0.0" classname="tests.MainRunner">
    <ignored/>
  </testcase> <!-- testThatCardsHaveNumbers -->
  <testcase name="testThatEachCardTitleIsWhite" time="0.0" classname="tests.MainRunner">
    <ignored/>
  </testcase> <!-- testThatEachCardTitleIsWhite -->
  <testcase name="testBusinssTabColorWhenUnselected" time="0.0" classname="tests.MainRunner">
    <ignored/>
  </testcase> <!-- testBusinssTabColorWhenUnselected -->
  <testcase name="testBusinssTabIsDefaultSelected" time="0.0" classname="tests.MainRunner">
    <ignored/>
  </testcase> <!-- testBusinssTabIsDefaultSelected -->
</testsuite> <!-- Up Footer -->
